Running: fuse.exe -relaunch -intstyle "ise" -incremental -lib "unisims_ver" -lib "unimacro_ver" -lib "xilinxcorelib_ver" -lib "secureip" -o "C:/Users/wilso/Downloads/Lab/lab4/pip_test_isim_beh.exe" -prj "C:/Users/wilso/Downloads/Lab/lab4/pip_test_beh.prj" "work.pip_test" "work.glbl" 
ISim P.20131013 (signature 0x7708f090)
Number of CPUs detected in this system: 8
Turning on mult-threading, number of parallel sub-compilation jobs: 16 
Determining compilation order of HDL files
Analyzing Verilog file "C:/Users/wilso/Downloads/Lab/lab4/regfile.v" into library work
Analyzing Verilog file "C:/Users/wilso/Downloads/Lab/lab4/PC.v" into library work
Analyzing Verilog file "C:/Users/wilso/Downloads/Lab/lab4/MEM_WBstage.v" into library work
Analyzing Verilog file "C:/Users/wilso/Downloads/Lab/lab4/memory.v" into library work
Analyzing Verilog file "C:/Users/wilso/Downloads/Lab/lab4/ID_EXEstage.v" into library work
Analyzing Verilog file "C:/Users/wilso/Downloads/Lab/lab4/EXE_MEMstage.v" into library work
Analyzing Verilog file "C:/Users/wilso/Downloads/Lab/lab4/control.v" into library work
Analyzing Verilog file "C:/Users/wilso/Downloads/Lab/lab4/alu.v" into library work
Analyzing Verilog file "C:/Users/wilso/Downloads/Lab/lab4/pipelined_regfile_5stage.v" into library work
Analyzing Verilog file "C:/Users/wilso/Downloads/Lab/lab4/pip5_data_test.v" into library work
Analyzing Verilog file "C:/Xilinx/14.7/ISE_DS/ISE//verilog/src/glbl.v" into library work
Starting static elaboration
WARNING:HDLCompiler:1016 - "C:/Users/wilso/Downloads/Lab/lab4/pip5_data_test.v" Line 53: Port npc_ID_EXE is not connected to this instance
Completed static elaboration
Compiling module PC1
Compiling module memory
Compiling module control
Compiling module regfile
Compiling module ID_EXE_stage
Compiling module alu
Compiling module EXE_MEM_stage
Compiling module MEM_WB_stage
Compiling module pipelined_regfile_5stage
Compiling module pip_test
Compiling module glbl
Time Resolution for simulation is 1ps.
Compiled 11 Verilog Units
Built simulation executable C:/Users/wilso/Downloads/Lab/lab4/pip_test_isim_beh.exe
Fuse Memory Usage: 27568 KB
Fuse CPU Usage: 421 ms
